[0929/234245.361:ERROR:process_info.cc(329)] VirtualQueryEx: Acesso negado. (0x5)
[0929/234245.363:ERROR:process_info.cc(556)] ReadMemoryInfo failed
[0929/234245.363:ERROR:scoped_process_suspend.cc(40)] NtResumeProcess: Tentou-se acessar um processo de saï¿½da. (0xc000010a)
[1007/105307.031:ERROR:file_io.cc(90)] ReadExactly: expected 36, observed 0
[1013/180919.885:ERROR:directory_reader_win.cc(43)] FindFirstFile: O sistema nï¿½o pode encontrar o caminho especificado. (0x3)
[1013/202347.667:ERROR:directory_reader_win.cc(43)] FindFirstFile: O sistema nï¿½o pode encontrar o caminho especificado. (0x3)
[1015/213040.615:ERROR:directory_reader_win.cc(43)] FindFirstFile: O sistema nï¿½o pode encontrar o caminho especificado. (0x3)
[1016/212520.284:ERROR:directory_reader_win.cc(43)] FindFirstFile: O sistema nï¿½o pode encontrar o caminho especificado. (0x3)
[1017/224836.430:ERROR:directory_reader_win.cc(43)] FindFirstFile: O sistema nï¿½o pode encontrar o caminho especificado. (0x3)
[1018/115546.716:ERROR:directory_reader_win.cc(43)] FindFirstFile: O sistema nï¿½o pode encontrar o caminho especificado. (0x3)
[1018/154036.597:ERROR:directory_reader_win.cc(43)] FindFirstFile: O sistema nï¿½o pode encontrar o caminho especificado. (0x3)
[1018/200712.077:ERROR:directory_reader_win.cc(43)] FindFirstFile: O sistema nï¿½o pode encontrar o caminho especificado. (0x3)
[1026/151819.060:ERROR:directory_reader_win.cc(43)] FindFirstFile: O sistema nï¿½o pode encontrar o caminho especificado. (0x3)
[1026/204333.503:ERROR:directory_reader_win.cc(43)] FindFirstFile: O sistema nï¿½o pode encontrar o caminho especificado. (0x3)
[1027/144347.305:ERROR:directory_reader_win.cc(43)] FindFirstFile: O sistema nï¿½o pode encontrar o caminho especificado. (0x3)
[1027/145900.519:ERROR:directory_reader_win.cc(43)] FindFirstFile: O sistema nï¿½o pode encontrar o caminho especificado. (0x3)
[1028/142313.124:ERROR:directory_reader_win.cc(43)] FindFirstFile: O sistema nï¿½o pode encontrar o caminho especificado. (0x3)
[1028/203917.118:ERROR:directory_reader_win.cc(43)] FindFirstFile: O sistema nï¿½o pode encontrar o caminho especificado. (0x3)
[1029/234518.251:ERROR:directory_reader_win.cc(43)] FindFirstFile: O sistema nï¿½o pode encontrar o caminho especificado. (0x3)
[1103/001820.208:ERROR:directory_reader_win.cc(43)] FindFirstFile: O sistema nï¿½o pode encontrar o caminho especificado. (0x3)
[1103/143139.511:ERROR:directory_reader_win.cc(43)] FindFirstFile: O sistema nï¿½o pode encontrar o caminho especificado. (0x3)
[1103/180535.937:ERROR:directory_reader_win.cc(43)] FindFirstFile: O sistema nï¿½o pode encontrar o caminho especificado. (0x3)
[1103/203802.071:ERROR:directory_reader_win.cc(43)] FindFirstFile: O sistema nï¿½o pode encontrar o caminho especificado. (0x3)
[1105/171654.780:ERROR:directory_reader_win.cc(43)] FindFirstFile: O sistema nï¿½o pode encontrar o caminho especificado. (0x3)
[1105/223336.385:ERROR:directory_reader_win.cc(43)] FindFirstFile: O sistema nï¿½o pode encontrar o caminho especificado. (0x3)
[1106/105403.498:ERROR:directory_reader_win.cc(43)] FindFirstFile: O sistema nï¿½o pode encontrar o caminho especificado. (0x3)
[1106/231658.952:ERROR:directory_reader_win.cc(43)] FindFirstFile: O sistema nï¿½o pode encontrar o caminho especificado. (0x3)
[1107/135818.911:ERROR:directory_reader_win.cc(43)] FindFirstFile: O sistema nï¿½o pode encontrar o caminho especificado. (0x3)
[1107/154429.654:ERROR:directory_reader_win.cc(43)] FindFirstFile: O sistema nï¿½o pode encontrar o caminho especificado. (0x3)
[1108/153735.527:ERROR:directory_reader_win.cc(43)] FindFirstFile: O sistema nï¿½o pode encontrar o caminho especificado. (0x3)
[1108/184332.346:ERROR:directory_reader_win.cc(43)] FindFirstFile: O sistema nï¿½o pode encontrar o caminho especificado. (0x3)
[1108/200217.992:ERROR:directory_reader_win.cc(43)] FindFirstFile: O sistema nï¿½o pode encontrar o caminho especificado. (0x3)
[1109/211158.674:ERROR:directory_reader_win.cc(43)] FindFirstFile: O sistema nï¿½o pode encontrar o caminho especificado. (0x3)
[1110/084404.785:ERROR:directory_reader_win.cc(43)] FindFirstFile: O sistema nï¿½o pode encontrar o caminho especificado. (0x3)
[1110/224300.437:ERROR:directory_reader_win.cc(43)] FindFirstFile: O sistema nï¿½o pode encontrar o caminho especificado. (0x3)
[1111/101056.355:ERROR:directory_reader_win.cc(43)] FindFirstFile: O sistema nï¿½o pode encontrar o caminho especificado. (0x3)
[1111/150135.532:ERROR:directory_reader_win.cc(43)] FindFirstFile: O sistema nï¿½o pode encontrar o caminho especificado. (0x3)
[1111/213252.963:ERROR:crash_report_database_win.cc(457)] unexpected header
[1112/140327.155:ERROR:crash_report_database_win.cc(457)] unexpected header
[1112/141327.190:ERROR:crash_report_database_win.cc(457)] unexpected header
[1112/141327.190:ERROR:directory_reader_win.cc(43)] FindFirstFile: O sistema nï¿½o pode encontrar o caminho especificado. (0x3)
[1112/141327.190:ERROR:crash_report_database_win.cc(457)] unexpected header
[1112/141327.190:ERROR:crash_report_database_win.cc(457)] unexpected header
[1112/141827.173:ERROR:crash_report_database_win.cc(457)] unexpected header
[1112/143327.272:ERROR:crash_report_database_win.cc(457)] unexpected header
[1112/144827.342:ERROR:crash_report_database_win.cc(457)] unexpected header
[1112/150327.342:ERROR:crash_report_database_win.cc(457)] unexpected header
[1112/151827.344:ERROR:crash_report_database_win.cc(457)] unexpected header
[1112/154138.659:ERROR:crash_report_database_win.cc(457)] unexpected header
[1114/100355.621:ERROR:crash_report_database_win.cc(457)] unexpected header
[1114/101355.675:ERROR:crash_report_database_win.cc(457)] unexpected header
[1114/101355.725:ERROR:directory_reader_win.cc(43)] FindFirstFile: O sistema nï¿½o pode encontrar o caminho especificado. (0x3)
[1114/101355.725:ERROR:crash_report_database_win.cc(457)] unexpected header
[1114/101355.725:ERROR:crash_report_database_win.cc(457)] unexpected header
[1114/101855.719:ERROR:crash_report_database_win.cc(457)] unexpected header
[1114/103355.723:ERROR:crash_report_database_win.cc(457)] unexpected header
[1114/104855.731:ERROR:crash_report_database_win.cc(457)] unexpected header
[1114/110355.761:ERROR:crash_report_database_win.cc(457)] unexpected header
[1114/111855.797:ERROR:crash_report_database_win.cc(457)] unexpected header
[1114/113356.008:ERROR:crash_report_database_win.cc(457)] unexpected header
[1116/074907.495:ERROR:crash_report_database_win.cc(457)] unexpected header
[1116/181615.244:ERROR:crash_report_database_win.cc(457)] unexpected header
[1116/182615.437:ERROR:crash_report_database_win.cc(457)] unexpected header
[1116/182615.453:ERROR:directory_reader_win.cc(43)] FindFirstFile: O sistema nï¿½o pode encontrar o caminho especificado. (0x3)
[1116/182615.453:ERROR:crash_report_database_win.cc(457)] unexpected header
[1116/182615.453:ERROR:crash_report_database_win.cc(457)] unexpected header
[1116/183115.479:ERROR:crash_report_database_win.cc(457)] unexpected header
[1116/184615.487:ERROR:crash_report_database_win.cc(457)] unexpected header
[1116/204706.318:ERROR:crash_report_database_win.cc(457)] unexpected header
[1116/205706.343:ERROR:crash_report_database_win.cc(457)] unexpected header
[1116/205706.343:ERROR:directory_reader_win.cc(43)] FindFirstFile: O sistema nï¿½o pode encontrar o caminho especificado. (0x3)
[1116/205706.343:ERROR:crash_report_database_win.cc(457)] unexpected header
[1116/205706.343:ERROR:crash_report_database_win.cc(457)] unexpected header
[1116/210206.364:ERROR:crash_report_database_win.cc(457)] unexpected header
[1116/211706.379:ERROR:crash_report_database_win.cc(457)] unexpected header
[1116/213206.383:ERROR:crash_report_database_win.cc(457)] unexpected header
[1116/214706.443:ERROR:crash_report_database_win.cc(457)] unexpected header
[1116/220206.448:ERROR:crash_report_database_win.cc(457)] unexpected header
[1116/221707.606:ERROR:crash_report_database_win.cc(457)] unexpected header
[1116/222055.564:ERROR:crash_report_database_win.cc(457)] unexpected header
[1116/223207.657:ERROR:crash_report_database_win.cc(457)] unexpected header
[1116/224707.660:ERROR:crash_report_database_win.cc(457)] unexpected header
[1116/230208.376:ERROR:crash_report_database_win.cc(457)] unexpected header
[1116/231708.382:ERROR:crash_report_database_win.cc(457)] unexpected header
[1116/232716.010:ERROR:crash_report_database_win.cc(457)] unexpected header
[1116/233208.450:ERROR:crash_report_database_win.cc(457)] unexpected header
[1116/234708.464:ERROR:crash_report_database_win.cc(457)] unexpected header
[1117/000208.498:ERROR:crash_report_database_win.cc(457)] unexpected header
[1117/001708.503:ERROR:crash_report_database_win.cc(457)] unexpected header
[1117/003208.505:ERROR:crash_report_database_win.cc(457)] unexpected header
[1117/004708.540:ERROR:crash_report_database_win.cc(457)] unexpected header
[1117/010208.621:ERROR:crash_report_database_win.cc(457)] unexpected header
[1117/011708.771:ERROR:crash_report_database_win.cc(457)] unexpected header
[1117/013208.867:ERROR:crash_report_database_win.cc(457)] unexpected header
[1117/014709.243:ERROR:crash_report_database_win.cc(457)] unexpected header
[1117/020209.245:ERROR:crash_report_database_win.cc(457)] unexpected header
[1117/021709.260:ERROR:crash_report_database_win.cc(457)] unexpected header
[1118/103013.400:ERROR:crash_report_database_win.cc(457)] unexpected header
[1118/104013.422:ERROR:crash_report_database_win.cc(457)] unexpected header
[1118/104013.422:ERROR:directory_reader_win.cc(43)] FindFirstFile: O sistema nï¿½o pode encontrar o caminho especificado. (0x3)
[1118/104013.437:ERROR:crash_report_database_win.cc(457)] unexpected header
[1118/104013.437:ERROR:crash_report_database_win.cc(457)] unexpected header
[1118/104513.412:ERROR:crash_report_database_win.cc(457)] unexpected header
[1118/110013.424:ERROR:crash_report_database_win.cc(457)] unexpected header
[1118/110259.648:ERROR:crash_report_database_win.cc(457)] unexpected header
[1119/135613.089:ERROR:crash_report_database_win.cc(457)] unexpected header
[1119/140613.185:ERROR:crash_report_database_win.cc(457)] unexpected header
[1119/140613.264:ERROR:directory_reader_win.cc(43)] FindFirstFile: O sistema nï¿½o pode encontrar o caminho especificado. (0x3)
[1119/140613.264:ERROR:crash_report_database_win.cc(457)] unexpected header
[1119/140613.264:ERROR:crash_report_database_win.cc(457)] unexpected header
[1119/141113.131:ERROR:crash_report_database_win.cc(457)] unexpected header
[1119/142614.253:ERROR:crash_report_database_win.cc(457)] unexpected header
[1119/144114.326:ERROR:crash_report_database_win.cc(457)] unexpected header
[1119/145616.882:ERROR:crash_report_database_win.cc(457)] unexpected header
[1119/151116.922:ERROR:crash_report_database_win.cc(457)] unexpected header
[1119/152616.949:ERROR:crash_report_database_win.cc(457)] unexpected header
[1119/154117.017:ERROR:crash_report_database_win.cc(457)] unexpected header
[1119/155617.527:ERROR:crash_report_database_win.cc(457)] unexpected header
[1121/133417.268:ERROR:crash_report_database_win.cc(457)] unexpected header
[1121/134417.440:ERROR:crash_report_database_win.cc(457)] unexpected header
[1121/134417.440:ERROR:directory_reader_win.cc(43)] FindFirstFile: O sistema nï¿½o pode encontrar o caminho especificado. (0x3)
[1121/134417.440:ERROR:crash_report_database_win.cc(457)] unexpected header
[1121/134417.440:ERROR:crash_report_database_win.cc(457)] unexpected header
[1121/134917.285:ERROR:crash_report_database_win.cc(457)] unexpected header
[1121/140417.298:ERROR:crash_report_database_win.cc(457)] unexpected header
[1121/141917.298:ERROR:crash_report_database_win.cc(457)] unexpected header
[1121/143417.913:ERROR:crash_report_database_win.cc(457)] unexpected header
[1121/144917.966:ERROR:crash_report_database_win.cc(457)] unexpected header
[1121/150419.155:ERROR:crash_report_database_win.cc(457)] unexpected header
[1121/151919.212:ERROR:crash_report_database_win.cc(457)] unexpected header
[1121/153419.347:ERROR:crash_report_database_win.cc(457)] unexpected header
[1121/154919.368:ERROR:crash_report_database_win.cc(457)] unexpected header
[1121/160419.577:ERROR:crash_report_database_win.cc(457)] unexpected header
[1121/161919.618:ERROR:crash_report_database_win.cc(457)] unexpected header
[1121/163419.639:ERROR:crash_report_database_win.cc(457)] unexpected header
[1121/193206.732:ERROR:crash_report_database_win.cc(457)] unexpected header
[1121/194206.815:ERROR:crash_report_database_win.cc(457)] unexpected header
[1121/194206.830:ERROR:directory_reader_win.cc(43)] FindFirstFile: O sistema nï¿½o pode encontrar o caminho especificado. (0x3)
[1121/194206.830:ERROR:crash_report_database_win.cc(457)] unexpected header
[1121/194206.830:ERROR:crash_report_database_win.cc(457)] unexpected header
[1121/194706.851:ERROR:crash_report_database_win.cc(457)] unexpected header
[1121/200206.880:ERROR:crash_report_database_win.cc(457)] unexpected header
[1121/201706.912:ERROR:crash_report_database_win.cc(457)] unexpected header
[1121/203206.915:ERROR:crash_report_database_win.cc(457)] unexpected header
[1121/204707.329:ERROR:crash_report_database_win.cc(457)] unexpected header
[1122/194737.709:ERROR:crash_report_database_win.cc(457)] unexpected header
[1122/195737.821:ERROR:crash_report_database_win.cc(457)] unexpected header
[1122/195737.900:ERROR:directory_reader_win.cc(43)] FindFirstFile: O sistema nï¿½o pode encontrar o caminho especificado. (0x3)
[1122/195737.900:ERROR:crash_report_database_win.cc(457)] unexpected header
[1122/195737.900:ERROR:crash_report_database_win.cc(457)] unexpected header
[1122/200237.722:ERROR:crash_report_database_win.cc(457)] unexpected header
[1122/201737.799:ERROR:crash_report_database_win.cc(457)] unexpected header
[1122/203237.892:ERROR:crash_report_database_win.cc(457)] unexpected header
[1122/204738.046:ERROR:crash_report_database_win.cc(457)] unexpected header
[1122/210238.183:ERROR:crash_report_database_win.cc(457)] unexpected header
[1122/211738.188:ERROR:crash_report_database_win.cc(457)] unexpected header
[1122/213238.196:ERROR:crash_report_database_win.cc(457)] unexpected header
[1122/214738.196:ERROR:crash_report_database_win.cc(457)] unexpected header
[1122/220238.198:ERROR:crash_report_database_win.cc(457)] unexpected header
[1122/221738.209:ERROR:crash_report_database_win.cc(457)] unexpected header
[1122/223238.971:ERROR:crash_report_database_win.cc(457)] unexpected header
[1123/061425.402:ERROR:crash_report_database_win.cc(457)] unexpected header
[1123/062425.612:ERROR:crash_report_database_win.cc(457)] unexpected header
[1123/062425.771:ERROR:directory_reader_win.cc(43)] FindFirstFile: O sistema nï¿½o pode encontrar o caminho especificado. (0x3)
[1123/062425.771:ERROR:crash_report_database_win.cc(457)] unexpected header
[1123/062425.771:ERROR:crash_report_database_win.cc(457)] unexpected header
[1123/062925.481:ERROR:crash_report_database_win.cc(457)] unexpected header
[1123/064425.515:ERROR:crash_report_database_win.cc(457)] unexpected header
[1123/065925.515:ERROR:crash_report_database_win.cc(457)] unexpected header
[1123/071425.546:ERROR:crash_report_database_win.cc(457)] unexpected header
[1123/072925.637:ERROR:crash_report_database_win.cc(457)] unexpected header
[1123/074426.220:ERROR:crash_report_database_win.cc(457)] unexpected header
[1123/075926.238:ERROR:crash_report_database_win.cc(457)] unexpected header
[1123/081426.278:ERROR:crash_report_database_win.cc(457)] unexpected header
[1123/082926.363:ERROR:crash_report_database_win.cc(457)] unexpected header
[1123/084426.402:ERROR:crash_report_database_win.cc(457)] unexpected header
[1123/085926.494:ERROR:crash_report_database_win.cc(457)] unexpected header
[1123/091426.501:ERROR:crash_report_database_win.cc(457)] unexpected header
[1123/092928.038:ERROR:crash_report_database_win.cc(457)] unexpected header
[1123/094428.067:ERROR:crash_report_database_win.cc(457)] unexpected header
[1123/095928.067:ERROR:crash_report_database_win.cc(457)] unexpected header
[1123/101428.227:ERROR:crash_report_database_win.cc(457)] unexpected header
[1123/102928.376:ERROR:crash_report_database_win.cc(457)] unexpected header
[1123/104428.377:ERROR:crash_report_database_win.cc(457)] unexpected header
[1123/105928.438:ERROR:crash_report_database_win.cc(457)] unexpected header
[1123/111428.621:ERROR:crash_report_database_win.cc(457)] unexpected header
[1123/112928.728:ERROR:crash_report_database_win.cc(457)] unexpected header
[1123/114428.749:ERROR:crash_report_database_win.cc(457)] unexpected header
[1124/133456.813:ERROR:crash_report_database_win.cc(457)] unexpected header
[1124/134456.895:ERROR:crash_report_database_win.cc(457)] unexpected header
[1124/134456.895:ERROR:directory_reader_win.cc(43)] FindFirstFile: O sistema nï¿½o pode encontrar o caminho especificado. (0x3)
[1124/134456.895:ERROR:crash_report_database_win.cc(457)] unexpected header
[1124/134456.895:ERROR:crash_report_database_win.cc(457)] unexpected header
[1124/134956.956:ERROR:crash_report_database_win.cc(457)] unexpected header
[1124/140413.696:ERROR:crash_report_database_win.cc(457)] unexpected header
[1124/140457.034:ERROR:crash_report_database_win.cc(457)] unexpected header
[1124/141957.064:ERROR:crash_report_database_win.cc(457)] unexpected header
[1124/142345.650:ERROR:crash_report_database_win.cc(457)] unexpected header
[1124/143457.068:ERROR:crash_report_database_win.cc(457)] unexpected header
[1124/144957.703:ERROR:crash_report_database_win.cc(457)] unexpected header
[1124/150458.654:ERROR:crash_report_database_win.cc(457)] unexpected header
[1124/151958.718:ERROR:crash_report_database_win.cc(457)] unexpected header
[1124/175739.496:ERROR:crash_report_database_win.cc(457)] unexpected header
[1124/180739.770:ERROR:crash_report_database_win.cc(457)] unexpected header
[1124/180739.770:ERROR:directory_reader_win.cc(43)] FindFirstFile: O sistema nï¿½o pode encontrar o caminho especificado. (0x3)
[1124/180739.770:ERROR:crash_report_database_win.cc(457)] unexpected header
[1124/180739.770:ERROR:crash_report_database_win.cc(457)] unexpected header
[1124/181239.496:ERROR:crash_report_database_win.cc(457)] unexpected header
[1124/181433.755:ERROR:crash_report_database_win.cc(457)] unexpected header
[1124/182739.598:ERROR:crash_report_database_win.cc(457)] unexpected header
[1124/184239.664:ERROR:crash_report_database_win.cc(457)] unexpected header
[1124/220911.037:ERROR:crash_report_database_win.cc(457)] unexpected header
[1124/221911.095:ERROR:crash_report_database_win.cc(457)] unexpected header
[1124/221911.095:ERROR:directory_reader_win.cc(43)] FindFirstFile: O sistema nï¿½o pode encontrar o caminho especificado. (0x3)
[1124/221911.095:ERROR:crash_report_database_win.cc(457)] unexpected header
[1124/221911.095:ERROR:crash_report_database_win.cc(457)] unexpected header
[1124/222411.161:ERROR:crash_report_database_win.cc(457)] unexpected header
[1124/223911.402:ERROR:crash_report_database_win.cc(457)] unexpected header
[1124/225411.463:ERROR:crash_report_database_win.cc(457)] unexpected header
[1125/075017.520:ERROR:crash_report_database_win.cc(457)] unexpected header
[1125/152004.123:ERROR:crash_report_database_win.cc(457)] unexpected header
[1125/211640.291:ERROR:crash_report_database_win.cc(457)] unexpected header
[1125/212640.458:ERROR:crash_report_database_win.cc(457)] unexpected header
[1125/212640.484:ERROR:directory_reader_win.cc(43)] FindFirstFile: O sistema nï¿½o pode encontrar o caminho especificado. (0x3)
[1125/212640.561:ERROR:crash_report_database_win.cc(457)] unexpected header
[1125/212640.561:ERROR:crash_report_database_win.cc(457)] unexpected header
[1125/213140.394:ERROR:crash_report_database_win.cc(457)] unexpected header
[1125/214640.398:ERROR:crash_report_database_win.cc(457)] unexpected header
[1125/220140.655:ERROR:crash_report_database_win.cc(457)] unexpected header
[1125/221640.729:ERROR:crash_report_database_win.cc(457)] unexpected header
[1125/222439.930:ERROR:crash_report_database_win.cc(457)] unexpected header
[1125/223439.941:ERROR:crash_report_database_win.cc(457)] unexpected header
[1125/223439.941:ERROR:directory_reader_win.cc(43)] FindFirstFile: O sistema nï¿½o pode encontrar o caminho especificado. (0x3)
[1125/223439.941:ERROR:crash_report_database_win.cc(457)] unexpected header
[1125/223439.941:ERROR:crash_report_database_win.cc(457)] unexpected header
[1125/223940.028:ERROR:crash_report_database_win.cc(457)] unexpected header
[1125/225440.034:ERROR:crash_report_database_win.cc(457)] unexpected header
[1125/230940.406:ERROR:crash_report_database_win.cc(457)] unexpected header
[1125/232440.415:ERROR:crash_report_database_win.cc(457)] unexpected header
[1125/233940.417:ERROR:crash_report_database_win.cc(457)] unexpected header
[1125/235440.442:ERROR:crash_report_database_win.cc(457)] unexpected header
[1126/000940.469:ERROR:crash_report_database_win.cc(457)] unexpected header
[1126/002441.114:ERROR:crash_report_database_win.cc(457)] unexpected header
[1126/003941.120:ERROR:crash_report_database_win.cc(457)] unexpected header
[1126/005441.130:ERROR:crash_report_database_win.cc(457)] unexpected header
[1126/010941.645:ERROR:crash_report_database_win.cc(457)] unexpected header
[1126/011556.923:ERROR:crash_report_database_win.cc(457)] unexpected header
[1126/012441.945:ERROR:crash_report_database_win.cc(457)] unexpected header
[1126/182248.401:ERROR:crash_report_database_win.cc(457)] unexpected header
[1126/183248.722:ERROR:crash_report_database_win.cc(457)] unexpected header
[1126/183248.863:ERROR:directory_reader_win.cc(43)] FindFirstFile: O sistema não pode encontrar o caminho especificado. (0x3)
[1126/183248.863:ERROR:crash_report_database_win.cc(457)] unexpected header
[1126/183248.863:ERROR:crash_report_database_win.cc(457)] unexpected header
[1126/183748.449:ERROR:crash_report_database_win.cc(457)] unexpected header
[1126/183959.326:ERROR:process_reader_win.cc(123)] NtOpenThread: {Acesso Negado} Um processo solicitou acesso a um objeto, mas o direito de acesso não lhe foi concedido. (0xc0000022)
[1126/183959.904:ERROR:exception_snapshot_win.cc(99)] thread ID 12184 not found in process
